<?xml version="1.0" encoding="UTF-8"?>
<!-- Generated by org.testng.reporters.JUnitXMLReporter -->
<testsuite ignored="5" hostname="LAPTOP-CTAFD7I5" failures="0" tests="3" name="Test" time="32.32" errors="0" timestamp="2025-07-16T14:06:34 IST">
  <testcase classname="testClasses.LoginTestClass" name="verifySuccessfullLogin" time="3.856"/>
  <testcase classname="testClasses.DashboardTestClass" name="verifyTotalPurchaseInfoIsDisplayed" time="3.472"/>
  <testcase classname="testClasses.DashboardTestClass" name="verifyTodaysProfitButtonIsWorking" time="4.046"/>
  <testcase classname="testClasses.LoginTestClass" name="verifyUnSuccessfullLogin" time="0.0">
    <ignored/>
  </testcase> <!-- verifyUnSuccessfullLogin -->
  <testcase classname="testClasses.DashboardTestClass" name="verifyLogoIsDisplayed" time="0.0">
    <ignored/>
  </testcase> <!-- verifyLogoIsDisplayed -->
  <testcase classname="testClasses.DashboardTestClass" name="verifyTooltipTextOfHelpBtn" time="0.0">
    <ignored/>
  </testcase> <!-- verifyTooltipTextOfHelpBtn -->
  <testcase classname="testClasses.DashboardTestClass" name="verifyNavigationToMyProfileFromDashboard" time="0.0">
    <ignored/>
  </testcase> <!-- verifyNavigationToMyProfileFromDashboard -->
  <testcase classname="basePackage.BaseClass" name="@BeforeSuite createReport" time="0.0">
    <ignored/>
  </testcase> <!-- @BeforeSuite createReport -->
</testsuite> <!-- Test -->
