<?xml version="1.0" encoding="UTF-8"?>
<!-- Generated by org.testng.reporters.JUnitXMLReporter -->
<testsuite ignored="0" hostname="LAPTOP-CTAFD7I5" failures="1" tests="7" name="Test" time="47.925" errors="0" timestamp="2025-07-11T14:32:46 IST">
  <testcase classname="testClasses.LoginTestClass" name="verifySuccessfullLogin" time="4.89">
    <skipped/>
  </testcase> <!-- verifySuccessfullLogin -->
  <testcase classname="testClasses.LoginTestClass" name="verifySuccessfullLogin" time="4.134">
    <skipped/>
  </testcase> <!-- verifySuccessfullLogin -->
  <testcase classname="testClasses.LoginTestClass" name="verifySuccessfullLogin" time="3.831">
    <skipped/>
  </testcase> <!-- verifySuccessfullLogin -->
  <testcase classname="testClasses.LoginTestClass" name="verifySuccessfullLogin" time="4.166">
    <failure type="java.lang.AssertionError" message="expected [true] but found [false]">
      <![CDATA[java.lang.AssertionError: expected [true] but found [false]
at testClasses.LoginTestClass.verifySuccessfullLogin(LoginTestClass.java:28)
at java.base/java.util.ArrayList.forEach(ArrayList.java:1596)
... Removed 29 stack frames]]>
    </failure>
  </testcase> <!-- verifySuccessfullLogin -->
  <testcase classname="testClasses.LoginTestClass" name="verifyUnSuccessfullLogin" time="1.007"/>
  <testcase classname="testClasses.LoginTestClass" name="verifyUnSuccessfullLogin" time="1.024"/>
  <testcase classname="testClasses.LoginTestClass" name="verifyUnSuccessfullLogin" time="1.067"/>
</testsuite> <!-- Test -->
