<?xml version="1.0" encoding="UTF-8"?>
<!-- Generated by org.testng.reporters.JUnitXMLReporter -->
<testsuite ignored="0" hostname="LAPTOP-CTAFD7I5" failures="0" tests="4" name="Test" time="26.095" errors="0" timestamp="2025-07-15T20:12:11 IST">
  <testcase classname="testClasses.LoginTestClass" name="verifySuccessfullLogin" time="4.549"/>
  <testcase classname="testClasses.LoginTestClass" name="verifyUnSuccessfullLogin" time="0.939"/>
  <testcase classname="testClasses.LoginTestClass" name="verifyUnSuccessfullLogin" time="0.85"/>
  <testcase classname="testClasses.LoginTestClass" name="verifyUnSuccessfullLogin" time="0.772"/>
</testsuite> <!-- Test -->
