<?xml version="1.0" encoding="UTF-8"?>
<!-- Generated by org.testng.reporters.JUnitXMLReporter -->
<testsuite ignored="0" hostname="LAPTOP-CTAFD7I5" failures="0" tests="4" name="Edge Test" time="0.608" errors="0" timestamp="2025-07-16T17:53:06 IST">
  <testcase classname="testClasses.LoginTestClass" name="verifySuccessfullLogin" time="0.0">
    <skipped/>
  </testcase> <!-- verifySuccessfullLogin -->
  <testcase classname="testClasses.LoginTestClass" name="verifyUnSuccessfullLogin" time="0.0">
    <skipped/>
  </testcase> <!-- verifyUnSuccessfullLogin -->
  <testcase classname="testClasses.LoginTestClass" name="verifyUnSuccessfullLogin" time="0.0">
    <skipped/>
  </testcase> <!-- verifyUnSuccessfullLogin -->
  <testcase classname="testClasses.LoginTestClass" name="verifyUnSuccessfullLogin" time="0.0">
    <skipped/>
  </testcase> <!-- verifyUnSuccessfullLogin -->
</testsuite> <!-- Edge Test -->
