<?xml version="1.0" encoding="UTF-8"?>
<testng-results ignored="0" total="3" passed="3" failed="0" skipped="0">
  <reporter-output>
  </reporter-output>
  <suite started-at="2025-07-15T23:41:33 IST" name="Default suite" finished-at="2025-07-15T23:42:19 IST" duration-ms="45951">
    <groups>
    </groups>
    <test started-at="2025-07-15T23:41:33 IST" name="Default test" finished-at="2025-07-15T23:42:19 IST" duration-ms="45951">
      <class name="testClasses.UserTestClass">
        <test-method is-config="true" signature="createReport()[pri:0, instance:testClasses.UserTestClass@6743e411]" started-at="2025-07-15T23:41:33 IST" name="createReport" finished-at="2025-07-15T23:41:33 IST" duration-ms="205" status="PASS">
          <reporter-output>
          </reporter-output>
        </test-method> <!-- createReport -->
        <test-method is-config="true" signature="beforeMethod()[pri:0, instance:testClasses.UserTestClass@6743e411]" started-at="2025-07-15T23:41:33 IST" name="beforeMethod" finished-at="2025-07-15T23:41:35 IST" duration-ms="2418" status="PASS">
          <reporter-output>
          </reporter-output>
        </test-method> <!-- beforeMethod -->
        <test-method signature="verifyUserSearchFunctionality()[pri:-1, instance:testClasses.UserTestClass@6743e411]" started-at="2025-07-15T23:41:35 IST" name="verifyUserSearchFunctionality" finished-at="2025-07-15T23:41:44 IST" duration-ms="8759" status="PASS">
          <reporter-output>
          </reporter-output>
        </test-method> <!-- verifyUserSearchFunctionality -->
        <test-method is-config="true" signature="afterMethod()[pri:0, instance:testClasses.UserTestClass@6743e411]" started-at="2025-07-15T23:41:44 IST" name="afterMethod" finished-at="2025-07-15T23:41:46 IST" duration-ms="2463" status="PASS">
          <reporter-output>
          </reporter-output>
        </test-method> <!-- afterMethod -->
        <test-method is-config="true" signature="beforeMethod()[pri:0, instance:testClasses.UserTestClass@6743e411]" started-at="2025-07-15T23:41:46 IST" name="beforeMethod" finished-at="2025-07-15T23:41:49 IST" duration-ms="2155" status="PASS">
          <reporter-output>
          </reporter-output>
        </test-method> <!-- beforeMethod -->
        <test-method signature="verifyDeleteUserFunctionality()[pri:0, instance:testClasses.UserTestClass@6743e411]" started-at="2025-07-15T23:41:49 IST" name="verifyDeleteUserFunctionality" finished-at="2025-07-15T23:42:06 IST" duration-ms="17187" status="PASS">
          <reporter-output>
          </reporter-output>
        </test-method> <!-- verifyDeleteUserFunctionality -->
        <test-method is-config="true" signature="afterMethod()[pri:0, instance:testClasses.UserTestClass@6743e411]" started-at="2025-07-15T23:42:06 IST" name="afterMethod" finished-at="2025-07-15T23:42:08 IST" duration-ms="2363" status="PASS">
          <reporter-output>
          </reporter-output>
        </test-method> <!-- afterMethod -->
        <test-method is-config="true" signature="beforeMethod()[pri:0, instance:testClasses.UserTestClass@6743e411]" started-at="2025-07-15T23:42:08 IST" name="beforeMethod" finished-at="2025-07-15T23:42:10 IST" duration-ms="2005" status="PASS">
          <reporter-output>
          </reporter-output>
        </test-method> <!-- beforeMethod -->
        <test-method signature="verifyColumnVisibilityFunctionality()[pri:1, instance:testClasses.UserTestClass@6743e411]" started-at="2025-07-15T23:42:10 IST" name="verifyColumnVisibilityFunctionality" finished-at="2025-07-15T23:42:16 IST" duration-ms="6174" status="PASS">
          <reporter-output>
          </reporter-output>
        </test-method> <!-- verifyColumnVisibilityFunctionality -->
        <test-method is-config="true" signature="afterMethod()[pri:0, instance:testClasses.UserTestClass@6743e411]" started-at="2025-07-15T23:42:16 IST" name="afterMethod" finished-at="2025-07-15T23:42:19 IST" duration-ms="2371" status="PASS">
          <reporter-output>
          </reporter-output>
        </test-method> <!-- afterMethod -->
      </class> <!-- testClasses.UserTestClass -->
    </test> <!-- Default test -->
  </suite> <!-- Default suite -->
</testng-results>
