<?xml version="1.0" encoding="UTF-8"?>
<!-- Generated by org.testng.reporters.JUnitXMLReporter -->
<testsuite ignored="0" hostname="LAPTOP-CTAFD7I5" failures="0" tests="3" name="Default test" time="45.951" errors="0" timestamp="2025-07-15T23:42:19 IST">
  <testcase classname="testClasses.UserTestClass" name="verifyUserSearchFunctionality" time="8.759"/>
  <testcase classname="testClasses.UserTestClass" name="verifyDeleteUserFunctionality" time="17.187"/>
  <testcase classname="testClasses.UserTestClass" name="verifyColumnVisibilityFunctionality" time="6.174"/>
</testsuite> <!-- Default test -->
